{"/home/devi/dy/test-react-typescript/src/types.ts": {"path":"/home/devi/dy/test-react-typescript/src/types.ts","statementMap":{},"fnMap":{},"branchMap":{},"s":{},"f":{},"b":{}}
,"/home/devi/dy/test-react-typescript/src/components/SpellCard.tsx": {"path":"/home/devi/dy/test-react-typescript/src/components/SpellCard.tsx","statementMap":{"0":{"start":{"line":7,"column":45},"end":{"line":58,"column":1}},"1":{"start":{"line":8,"column":19},"end":{"line":8,"column":32}},"2":{"start":{"line":9,"column":31},"end":{"line":9,"column":65}},"3":{"start":{"line":11,"column":2},"end":{"line":57,"column":4}},"4":{"start":{"line":23,"column":27},"end":{"line":23,"column":86}},"5":{"start":{"line":38,"column":27},"end":{"line":38,"column":86}},"6":{"start":{"line":51,"column":23},"end":{"line":51,"column":55}}},"fnMap":{"0":{"name":"(anonymous_0)","decl":{"start":{"line":7,"column":45},"end":{"line":7,"column":46}},"loc":{"start":{"line":7,"column":72},"end":{"line":58,"column":1}},"line":7},"1":{"name":"(anonymous_1)","decl":{"start":{"line":23,"column":21},"end":{"line":23,"column":22}},"loc":{"start":{"line":23,"column":27},"end":{"line":23,"column":86}},"line":23},"2":{"name":"(anonymous_2)","decl":{"start":{"line":38,"column":21},"end":{"line":38,"column":22}},"loc":{"start":{"line":38,"column":27},"end":{"line":38,"column":86}},"line":38},"3":{"name":"(anonymous_3)","decl":{"start":{"line":51,"column":17},"end":{"line":51,"column":18}},"loc":{"start":{"line":51,"column":23},"end":{"line":51,"column":55}},"line":51}},"branchMap":{"0":{"loc":{"start":{"line":14,"column":9},"end":{"line":46,"column":9}},"type":"cond-expr","locations":[{"start":{"line":15,"column":10},"end":{"line":30,"column":16}},{"start":{"line":32,"column":10},"end":{"line":45,"column":16}}],"line":14}},"s":{"0":2,"1":4,"2":4,"3":4,"4":0,"5":0,"6":1},"f":{"0":4,"1":0,"2":0,"3":1},"b":{"0":[1,3]},"_coverageSchema":"1a1c01bbd47fc00a2c39e90264f33305004495a9","hash":"94ff0ce20c33b546a9f1e637c11caa1906393824"}
,"/home/devi/dy/test-react-typescript/src/components/SpellDetails.tsx": {"path":"/home/devi/dy/test-react-typescript/src/components/SpellDetails.tsx","statementMap":{"0":{"start":{"line":7,"column":21},"end":{"line":95,"column":1}},"1":{"start":{"line":8,"column":19},"end":{"line":8,"column":32}},"2":{"start":{"line":10,"column":31},"end":{"line":10,"column":65}},"3":{"start":{"line":11,"column":27},"end":{"line":11,"column":67}},"4":{"start":{"line":13,"column":2},"end":{"line":94,"column":4}},"5":{"start":{"line":19,"column":27},"end":{"line":19,"column":40}},"6":{"start":{"line":46,"column":18},"end":{"line":46,"column":67}},"7":{"start":{"line":79,"column":71},"end":{"line":79,"column":78}},"8":{"start":{"line":84,"column":29},"end":{"line":84,"column":36}}},"fnMap":{"0":{"name":"(anonymous_0)","decl":{"start":{"line":7,"column":21},"end":{"line":7,"column":22}},"loc":{"start":{"line":7,"column":27},"end":{"line":95,"column":1}},"line":7},"1":{"name":"(anonymous_1)","decl":{"start":{"line":19,"column":21},"end":{"line":19,"column":22}},"loc":{"start":{"line":19,"column":27},"end":{"line":19,"column":40}},"line":19},"2":{"name":"(anonymous_2)","decl":{"start":{"line":45,"column":45},"end":{"line":45,"column":46}},"loc":{"start":{"line":45,"column":52},"end":{"line":47,"column":17}},"line":45},"3":{"name":"(anonymous_3)","decl":{"start":{"line":79,"column":64},"end":{"line":79,"column":65}},"loc":{"start":{"line":79,"column":71},"end":{"line":79,"column":78}},"line":79},"4":{"name":"(anonymous_4)","decl":{"start":{"line":84,"column":22},"end":{"line":84,"column":23}},"loc":{"start":{"line":84,"column":29},"end":{"line":84,"column":36}},"line":84}},"branchMap":{},"s":{"0":2,"1":3,"2":3,"3":3,"4":3,"5":1,"6":0,"7":0,"8":0},"f":{"0":3,"1":1,"2":0,"3":0,"4":0},"b":{},"_coverageSchema":"1a1c01bbd47fc00a2c39e90264f33305004495a9","hash":"17e5e2111a6cef89d21e3a3940ba26868627f0db"}
,"/home/devi/dy/test-react-typescript/src/components/SpellProperties.tsx": {"path":"/home/devi/dy/test-react-typescript/src/components/SpellProperties.tsx","statementMap":{"0":{"start":{"line":1,"column":105},"end":{"line":11,"column":1}},"1":{"start":{"line":5,"column":1},"end":{"line":10,"column":3}}},"fnMap":{"0":{"name":"(anonymous_0)","decl":{"start":{"line":1,"column":105},"end":{"line":1,"column":106}},"loc":{"start":{"line":4,"column":6},"end":{"line":11,"column":1}},"line":4}},"branchMap":{"0":{"loc":{"start":{"line":8,"column":66},"end":{"line":8,"column":98}},"type":"cond-expr","locations":[{"start":{"line":8,"column":80},"end":{"line":8,"column":91}},{"start":{"line":8,"column":94},"end":{"line":8,"column":98}}],"line":8}},"s":{"0":3,"1":28},"f":{"0":28},"b":{"0":[1,27]},"_coverageSchema":"1a1c01bbd47fc00a2c39e90264f33305004495a9","hash":"ee37e7e1657d8b514e1507c3991e55897255862c"}
,"/home/devi/dy/test-react-typescript/src/context/DungeonsDragonsContext.tsx": {"path":"/home/devi/dy/test-react-typescript/src/context/DungeonsDragonsContext.tsx","statementMap":{"0":{"start":{"line":4,"column":44},"end":{"line":8,"column":1}},"1":{"start":{"line":10,"column":31},"end":{"line":10,"column":78}},"2":{"start":{"line":11,"column":21},"end":{"line":11,"column":43}},"3":{"start":{"line":13,"column":31},"end":{"line":45,"column":1}},"4":{"start":{"line":14,"column":1},"end":{"line":44,"column":2}},"5":{"start":{"line":16,"column":3},"end":{"line":19,"column":5}},"6":{"start":{"line":22,"column":3},"end":{"line":25,"column":5}},"7":{"start":{"line":28,"column":24},"end":{"line":28,"column":44}},"8":{"start":{"line":29,"column":3},"end":{"line":40,"column":4}},"9":{"start":{"line":30,"column":4},"end":{"line":30,"column":78}},"10":{"start":{"line":30,"column":53},"end":{"line":30,"column":76}},"11":{"start":{"line":31,"column":4},"end":{"line":34,"column":6}},"12":{"start":{"line":36,"column":4},"end":{"line":39,"column":6}},"13":{"start":{"line":43,"column":3},"end":{"line":43,"column":16}},"14":{"start":{"line":47,"column":63},"end":{"line":80,"column":1}},"15":{"start":{"line":48,"column":27},"end":{"line":48,"column":75}},"16":{"start":{"line":50,"column":19},"end":{"line":55,"column":2}},"17":{"start":{"line":52,"column":3},"end":{"line":52,"column":52}},"18":{"start":{"line":57,"column":25},"end":{"line":62,"column":2}},"19":{"start":{"line":59,"column":3},"end":{"line":59,"column":58}},"20":{"start":{"line":63,"column":26},"end":{"line":68,"column":2}},"21":{"start":{"line":65,"column":3},"end":{"line":65,"column":60}},"22":{"start":{"line":70,"column":15},"end":{"line":77,"column":2}},"23":{"start":{"line":71,"column":9},"end":{"line":74,"column":3}},"24":{"start":{"line":79,"column":1},"end":{"line":79,"column":54}}},"fnMap":{"0":{"name":"(anonymous_0)","decl":{"start":{"line":13,"column":31},"end":{"line":13,"column":32}},"loc":{"start":{"line":13,"column":97},"end":{"line":45,"column":1}},"line":13},"1":{"name":"(anonymous_1)","decl":{"start":{"line":30,"column":43},"end":{"line":30,"column":44}},"loc":{"start":{"line":30,"column":53},"end":{"line":30,"column":76}},"line":30},"2":{"name":"(anonymous_2)","decl":{"start":{"line":47,"column":63},"end":{"line":47,"column":64}},"loc":{"start":{"line":47,"column":81},"end":{"line":80,"column":1}},"line":47},"3":{"name":"(anonymous_3)","decl":{"start":{"line":51,"column":2},"end":{"line":51,"column":3}},"loc":{"start":{"line":51,"column":23},"end":{"line":53,"column":3}},"line":51},"4":{"name":"(anonymous_4)","decl":{"start":{"line":58,"column":2},"end":{"line":58,"column":3}},"loc":{"start":{"line":58,"column":47},"end":{"line":60,"column":3}},"line":58},"5":{"name":"(anonymous_5)","decl":{"start":{"line":64,"column":2},"end":{"line":64,"column":3}},"loc":{"start":{"line":64,"column":23},"end":{"line":66,"column":3}},"line":64},"6":{"name":"(anonymous_6)","decl":{"start":{"line":71,"column":2},"end":{"line":71,"column":3}},"loc":{"start":{"line":71,"column":9},"end":{"line":74,"column":3}},"line":71}},"branchMap":{"0":{"loc":{"start":{"line":14,"column":1},"end":{"line":44,"column":2}},"type":"switch","locations":[{"start":{"line":15,"column":2},"end":{"line":20,"column":3}},{"start":{"line":21,"column":2},"end":{"line":26,"column":3}},{"start":{"line":27,"column":2},"end":{"line":41,"column":3}},{"start":{"line":42,"column":2},"end":{"line":43,"column":16}}],"line":14},"1":{"loc":{"start":{"line":29,"column":3},"end":{"line":40,"column":4}},"type":"if","locations":[{"start":{"line":29,"column":3},"end":{"line":40,"column":4}},{"start":{"line":35,"column":10},"end":{"line":40,"column":4}}],"line":29}},"s":{"0":4,"1":4,"2":4,"3":4,"4":0,"5":0,"6":0,"7":0,"8":0,"9":0,"10":0,"11":0,"12":0,"13":0,"14":4,"15":0,"16":0,"17":0,"18":0,"19":0,"20":0,"21":0,"22":0,"23":0,"24":0},"f":{"0":0,"1":0,"2":0,"3":0,"4":0,"5":0,"6":0},"b":{"0":[0,0,0,0],"1":[0,0]},"_coverageSchema":"1a1c01bbd47fc00a2c39e90264f33305004495a9","hash":"7a7bb87cef41195fa9780943f33b492f248772f8"}
,"/home/devi/dy/test-react-typescript/src/pages/HomePage.tsx": {"path":"/home/devi/dy/test-react-typescript/src/pages/HomePage.tsx","statementMap":{"0":{"start":{"line":9,"column":17},"end":{"line":43,"column":2}},"1":{"start":{"line":10,"column":30},"end":{"line":10,"column":64}},"2":{"start":{"line":11,"column":35},"end":{"line":11,"column":50}},"3":{"start":{"line":12,"column":23},"end":{"line":12,"column":34}},"4":{"start":{"line":14,"column":1},"end":{"line":22,"column":8}},"5":{"start":{"line":15,"column":2},"end":{"line":20,"column":7}},"6":{"start":{"line":16,"column":3},"end":{"line":16,"column":21}},"7":{"start":{"line":17,"column":18},"end":{"line":17,"column":35}},"8":{"start":{"line":18,"column":3},"end":{"line":18,"column":22}},"9":{"start":{"line":19,"column":3},"end":{"line":19,"column":71}},"10":{"start":{"line":24,"column":1},"end":{"line":42,"column":3}},"11":{"start":{"line":33,"column":24},"end":{"line":33,"column":87}},"12":{"start":{"line":34,"column":5},"end":{"line":34,"column":82}}},"fnMap":{"0":{"name":"(anonymous_0)","decl":{"start":{"line":9,"column":22},"end":{"line":9,"column":23}},"loc":{"start":{"line":9,"column":28},"end":{"line":43,"column":1}},"line":9},"1":{"name":"(anonymous_1)","decl":{"start":{"line":14,"column":11},"end":{"line":14,"column":12}},"loc":{"start":{"line":14,"column":17},"end":{"line":22,"column":2}},"line":14},"2":{"name":"(anonymous_2)","decl":{"start":{"line":15,"column":3},"end":{"line":15,"column":4}},"loc":{"start":{"line":15,"column":15},"end":{"line":20,"column":3}},"line":15},"3":{"name":"(anonymous_3)","decl":{"start":{"line":32,"column":46},"end":{"line":32,"column":47}},"loc":{"start":{"line":32,"column":65},"end":{"line":35,"column":5}},"line":32}},"branchMap":{"0":{"loc":{"start":{"line":26,"column":3},"end":{"line":38,"column":4}},"type":"cond-expr","locations":[{"start":{"line":26,"column":15},"end":{"line":26,"column":110}},{"start":{"line":29,"column":2},"end":{"line":37,"column":13}}],"line":26}},"s":{"0":1,"1":3,"2":2,"3":2,"4":2,"5":1,"6":1,"7":1,"8":1,"9":1,"10":2,"11":0,"12":0},"f":{"0":3,"1":1,"2":1,"3":0},"b":{"0":[1,1]},"_coverageSchema":"1a1c01bbd47fc00a2c39e90264f33305004495a9","hash":"f938b5569ce5621cb5e59392b4f426698623df03"}
,"/home/devi/dy/test-react-typescript/src/pages/SpellDetailPage.tsx": {"path":"/home/devi/dy/test-react-typescript/src/pages/SpellDetailPage.tsx","statementMap":{"0":{"start":{"line":9,"column":24},"end":{"line":28,"column":2}},"1":{"start":{"line":10,"column":16},"end":{"line":10,"column":27}},"2":{"start":{"line":12,"column":31},"end":{"line":12,"column":65}},"3":{"start":{"line":13,"column":30},"end":{"line":13,"column":41}},"4":{"start":{"line":14,"column":35},"end":{"line":14,"column":50}},"5":{"start":{"line":16,"column":2},"end":{"line":24,"column":9}},"6":{"start":{"line":17,"column":4},"end":{"line":22,"column":9}},"7":{"start":{"line":18,"column":3},"end":{"line":18,"column":21}},"8":{"start":{"line":19,"column":26},"end":{"line":19,"column":59}},"9":{"start":{"line":20,"column":3},"end":{"line":20,"column":22}},"10":{"start":{"line":21,"column":6},"end":{"line":21,"column":69}},"11":{"start":{"line":26,"column":2},"end":{"line":27,"column":51}}},"fnMap":{"0":{"name":"(anonymous_0)","decl":{"start":{"line":9,"column":29},"end":{"line":9,"column":30}},"loc":{"start":{"line":9,"column":35},"end":{"line":28,"column":1}},"line":9},"1":{"name":"(anonymous_1)","decl":{"start":{"line":16,"column":12},"end":{"line":16,"column":13}},"loc":{"start":{"line":16,"column":18},"end":{"line":24,"column":3}},"line":16},"2":{"name":"(anonymous_2)","decl":{"start":{"line":17,"column":5},"end":{"line":17,"column":6}},"loc":{"start":{"line":17,"column":17},"end":{"line":22,"column":5}},"line":17}},"branchMap":{"0":{"loc":{"start":{"line":26,"column":15},"end":{"line":27,"column":45}},"type":"cond-expr","locations":[{"start":{"line":26,"column":27},"end":{"line":26,"column":122}},{"start":{"line":27,"column":3},"end":{"line":27,"column":45}}],"line":26}},"s":{"0":1,"1":3,"2":2,"3":2,"4":2,"5":2,"6":1,"7":1,"8":1,"9":1,"10":1,"11":2},"f":{"0":3,"1":1,"2":1},"b":{"0":[1,1]},"_coverageSchema":"1a1c01bbd47fc00a2c39e90264f33305004495a9","hash":"68674d6d477faa3777b8173e1c308e76a6678db7"}
}
